<?xml version="1.0" encoding="UTF-8"?>
<!-- Generated by org.testng.reporters.JUnitXMLReporter -->
<testsuite ignored="0" hostname="Qcentris-396" failures="1" tests="3" name="ErrorValidationTest" time="8.34" errors="0" timestamp="2024-12-30T01:26:45 EET">
  <testcase classname="tests.ErrorValidationTest" name="testInvalidLoginLandingPage" time="0.353">
    <skipped/>
  </testcase> <!-- testInvalidLoginLandingPage -->
  <testcase classname="tests.ErrorValidationTest" name="testInvalidLoginLandingPage" time="0.233">
    <failure type="java.lang.AssertionError" message="The following asserts failed:
	Error message does not match the expected text. (Expected: &amp;quot;Epic sadface:  is required&amp;quot;, Found: &amp;quot;Epic sadface: Password is required&amp;quot;) expected [true] but found [false]">
      <![CDATA[java.lang.AssertionError: The following asserts failed:
Error message does not match the expected text. (Expected: "Epic sadface:  is required", Found: "Epic sadface: Password is required") expected [true] but found [false]
at utils.AssertionFactory.assertAll(AssertionFactory.java:43)
at tests.ErrorValidationTest.testInvalidLoginLandingPage(ErrorValidationTest.java:60)
at java.base/java.util.ArrayList.forEach(ArrayList.java:1596)
at java.base/java.util.concurrent.FutureTask.run(FutureTask.java:317)
at java.base/java.util.concurrent.ThreadPoolExecutor.runWorker(ThreadPoolExecutor.java:1144)
at java.base/java.util.concurrent.ThreadPoolExecutor$Worker.run(ThreadPoolExecutor.java:642)
at java.base/java.lang.Thread.run(Thread.java:1583)
... Removed 18 stack frames]]>
    </failure>
  </testcase> <!-- testInvalidLoginLandingPage -->
  <testcase classname="tests.ErrorValidationTest" name="testWrongSelectedProduct" time="0.654"/>
</testsuite> <!-- ErrorValidationTest -->
