<?xml version="1.0" encoding="UTF-8"?>
<!-- Generated by org.testng.reporters.JUnitXMLReporter -->
<testsuite ignored="0" hostname="Qcentris-396" failures="0" tests="2" name="MainTestSuiteErrorValidation" time="4.402" errors="0" timestamp="2024-12-25T13:58:43 EET">
  <testcase classname="tests.ErrorValidationTest" name="@BeforeMethod setUp" time="0.006">
    <failure type="java.lang.IllegalStateException" message="WebDriver is not initialized.">
      <![CDATA[java.lang.IllegalStateException: WebDriver is not initialized.
at tests.ErrorValidationTest.setUp(ErrorValidationTest.java:32)
at java.base/java.util.concurrent.ThreadPoolExecutor.runWorker(ThreadPoolExecutor.java:1144)
at java.base/java.util.concurrent.ThreadPoolExecutor$Worker.run(ThreadPoolExecutor.java:642)
at java.base/java.lang.Thread.run(Thread.java:1583)
... Removed 14 stack frames]]>
    </failure>
  </testcase> <!-- @BeforeMethod setUp -->
  <testcase classname="tests.ErrorValidationTest" name="@BeforeMethod setUp" time="0.01">
    <failure type="java.lang.IllegalStateException" message="WebDriver is not initialized.">
      <![CDATA[java.lang.IllegalStateException: WebDriver is not initialized.
at tests.ErrorValidationTest.setUp(ErrorValidationTest.java:32)
at java.base/java.util.concurrent.ThreadPoolExecutor.runWorker(ThreadPoolExecutor.java:1144)
at java.base/java.util.concurrent.ThreadPoolExecutor$Worker.run(ThreadPoolExecutor.java:642)
at java.base/java.lang.Thread.run(Thread.java:1583)
... Removed 14 stack frames]]>
    </failure>
  </testcase> <!-- @BeforeMethod setUp -->
  <testcase classname="tests.BaseTest" name="@AfterTest tearDown" time="-1.735127923456E9">
    <skipped/>
  </testcase> <!-- @AfterTest tearDown -->
  <testcase classname="tests.ErrorValidationTest" name="testInvalidLoginLandingPage" time="0.0">
    <skipped/>
  </testcase> <!-- testInvalidLoginLandingPage -->
  <testcase classname="tests.ErrorValidationTest" name="testWrongSelectedProduct" time="0.0">
    <skipped/>
  </testcase> <!-- testWrongSelectedProduct -->
</testsuite> <!-- MainTestSuiteErrorValidation -->
