{"uuid":"ec8bbfd2-1634-4d88-bfa3-8bb194a2aac0","historyId":"8abe6d50515a4664806919548f31e647","fullName":"tests.LandingPageTest.testLoginLandingPage","labels":[{"name":"package","value":"tests.LandingPageTest"},{"name":"testClass","value":"tests.LandingPageTest"},{"name":"testMethod","value":"testLoginLandingPage"},{"name":"parentSuite","value":"Default suite"},{"name":"suite","value":"Default test"},{"name":"subSuite","value":"tests.LandingPageTest"},{"name":"host","value":"Qcentris-396"},{"name":"thread","value":"13752@Qcentris-396.main(1)"},{"name":"framework","value":"testng"},{"name":"language","value":"java"}],"links":[],"name":"testLoginLandingPage","status":"skipped","statusDetails":{"known":false,"muted":false,"flaky":false,"message":"java.lang.RuntimeException: Failed to invoke public data.LoginLandingPageData() with no args","trace":"java.lang.RuntimeException: java.lang.RuntimeException: Failed to invoke public data.LoginLandingPageData() with no args\r\n\tat org.testng.internal.MethodInvocationHelper.invokeMethodNoCheckedException(MethodInvocationHelper.java:50)\r\n\tat org.testng.internal.MethodInvocationHelper.invokeDataProvider(MethodInvocationHelper.java:146)\r\n\tat org.testng.internal.Parameters.handleParameters(Parameters.java:798)\r\n\tat org.testng.internal.Parameters.handleParameters(Parameters.java:740)\r\n\tat org.testng.internal.ParameterHandler.handleParameters(ParameterHandler.java:59)\r\n\tat org.testng.internal.ParameterHandler.createParameters(ParameterHandler.java:38)\r\n\tat org.testng.internal.TestInvoker$MethodInvocationAgent.invoke(TestInvoker.java:791)\r\n\tat org.testng.internal.TestInvoker.invokeTestMethods(TestInvoker.java:146)\r\n\tat org.testng.internal.TestMethodWorker.invokeTestMethods(TestMethodWorker.java:146)\r\n\tat org.testng.internal.TestMethodWorker.run(TestMethodWorker.java:128)\r\n\tat java.base/java.util.ArrayList.forEach(ArrayList.java:1596)\r\n\tat org.testng.TestRunner.privateRun(TestRunner.java:794)\r\n\tat org.testng.TestRunner.run(TestRunner.java:596)\r\n\tat org.testng.SuiteRunner.runTest(SuiteRunner.java:377)\r\n\tat org.testng.SuiteRunner.runSequentially(SuiteRunner.java:371)\r\n\tat org.testng.SuiteRunner.privateRun(SuiteRunner.java:332)\r\n\tat org.testng.SuiteRunner.run(SuiteRunner.java:276)\r\n\tat org.testng.SuiteRunnerWorker.runSuite(SuiteRunnerWorker.java:53)\r\n\tat org.testng.SuiteRunnerWorker.run(SuiteRunnerWorker.java:96)\r\n\tat org.testng.TestNG.runSuitesSequentially(TestNG.java:1212)\r\n\tat org.testng.TestNG.runSuitesLocally(TestNG.java:1134)\r\n\tat org.testng.TestNG.runSuites(TestNG.java:1063)\r\n\tat org.testng.TestNG.run(TestNG.java:1031)\r\n\tat org.testng.remote.AbstractRemoteTestNG.run(AbstractRemoteTestNG.java:115)\r\n\tat org.testng.remote.RemoteTestNG.initAndRun(RemoteTestNG.java:293)\r\n\tat org.testng.remote.RemoteTestNG.main(RemoteTestNG.java:91)\r\nCaused by: java.lang.RuntimeException: Failed to invoke public data.LoginLandingPageData() with no args\r\n\tat com.google.gson.internal.ConstructorConstructor$3.construct(ConstructorConstructor.java:118)\r\n\tat com.google.gson.internal.bind.ReflectiveTypeAdapterFactory$Adapter.read(ReflectiveTypeAdapterFactory.java:212)\r\n\tat com.google.gson.internal.bind.TypeAdapterRuntimeTypeWrapper.read(TypeAdapterRuntimeTypeWrapper.java:41)\r\n\tat com.google.gson.internal.bind.ArrayTypeAdapter.read(ArrayTypeAdapter.java:72)\r\n\tat com.google.gson.Gson.fromJson(Gson.java:963)\r\n\tat com.google.gson.Gson.fromJson(Gson.java:901)\r\n\tat utils.DataReaderUtil.getJsonDataToArray(DataReaderUtil.java:18)\r\n\tat tests.LandingPageTest.getLandingPageData(LandingPageTest.java:47)\r\n\tat java.base/jdk.internal.reflect.DirectMethodHandleAccessor.invoke(DirectMethodHandleAccessor.java:103)\r\n\tat java.base/java.lang.reflect.Method.invoke(Method.java:580)\r\n\tat org.testng.internal.MethodInvocationHelper.invokeMethod(MethodInvocationHelper.java:133)\r\n\tat org.testng.internal.MethodInvocationHelper.invokeMethod(MethodInvocationHelper.java:77)\r\n\tat org.testng.internal.MethodInvocationHelper.invokeMethodNoCheckedException(MethodInvocationHelper.java:46)\r\n\t... 25 more\r\nCaused by: java.lang.Error: Unresolved compilation problem: \n\tThe declared package \"\" does not match the expected package \"data\"\n\r\n\tat data.LoginLandingPageData.<init>(LoginLandingPageData.java:1)\r\n\tat java.base/jdk.internal.reflect.DirectConstructorHandleAccessor.newInstance(DirectConstructorHandleAccessor.java:62)\r\n\tat java.base/java.lang.reflect.Constructor.newInstanceWithCaller(Constructor.java:502)\r\n\tat java.base/java.lang.reflect.Constructor.newInstance(Constructor.java:486)\r\n\tat com.google.gson.internal.ConstructorConstructor$3.construct(ConstructorConstructor.java:110)\r\n\t... 37 more\r\n"},"stage":"finished","steps":[],"attachments":[],"parameters":[],"start":1734438376268,"stop":1734438376270}